<?xml version="1.0" encoding="UTF-8"?>
<coverage generated="1590656134981" clover="3.2.0">
  <project timestamp="1590656134981" name="All files">
    <metrics statements="16" coveredstatements="15" conditionals="20" coveredconditionals="19" methods="8" coveredmethods="7" elements="44" coveredelements="41" complexity="0" loc="16" ncloc="16" packages="1" files="1" classes="1"/>
    <file name="scoreboard.vue" path="/Users/wade/iMarts/others/tennisKata/src/scoreboard.vue">
      <metrics statements="16" coveredstatements="15" conditionals="20" coveredconditionals="19" methods="8" coveredmethods="7"/>
      <line num="9" count="1" type="stmt"/>
      <line num="11" count="1" type="stmt"/>
      <line num="18" count="0" type="stmt"/>
      <line num="21" count="12" type="cond" truecount="2" falsecount="0"/>
      <line num="22" count="2" type="stmt"/>
      <line num="24" count="10" type="cond" truecount="2" falsecount="0"/>
      <line num="25" count="6" type="stmt"/>
      <line num="27" count="4" type="cond" truecount="2" falsecount="0"/>
      <line num="28" count="2" type="stmt"/>
      <line num="30" count="2" type="cond" truecount="1" falsecount="1"/>
      <line num="31" count="2" type="stmt"/>
      <line num="35" count="4" type="cond" truecount="3" falsecount="0"/>
      <line num="38" count="2" type="cond" truecount="2" falsecount="0"/>
      <line num="41" count="2" type="cond" truecount="2" falsecount="0"/>
      <line num="44" count="12" type="cond" truecount="2" falsecount="0"/>
      <line num="47" count="10" type="cond" truecount="3" falsecount="0"/>
    </file>
  </project>
</coverage>
