<?xml version="1.0" encoding="UTF-8"?>
<coverage generated="1590113677893" clover="3.2.0">
  <project timestamp="1590113677893" name="All files">
    <metrics statements="11" coveredstatements="11" conditionals="13" coveredconditionals="12" methods="4" coveredmethods="4" elements="28" coveredelements="27" complexity="0" loc="11" ncloc="11" packages="1" files="1" classes="1"/>
    <file name="main.js" path="/Users/wade/iMarts/others/tennisKata/src/main.js">
      <metrics statements="11" coveredstatements="11" conditionals="13" coveredconditionals="12" methods="4" coveredmethods="4"/>
      <line num="1" count="1" type="stmt"/>
      <line num="4" count="8" type="cond" truecount="2" falsecount="0"/>
      <line num="5" count="2" type="stmt"/>
      <line num="7" count="6" type="cond" truecount="2" falsecount="0"/>
      <line num="8" count="1" type="stmt"/>
      <line num="10" count="5" type="cond" truecount="1" falsecount="1"/>
      <line num="11" count="5" type="stmt"/>
      <line num="16" count="8" type="cond" truecount="2" falsecount="0"/>
      <line num="20" count="6" type="cond" truecount="2" falsecount="0"/>
      <line num="24" count="5" type="cond" truecount="3" falsecount="0"/>
      <line num="27" count="1" type="stmt"/>
    </file>
  </project>
</coverage>
