{"/Users/wade/iMarts/others/tennisKata/src/tennisKata.js": {"path":"/Users/wade/iMarts/others/tennisKata/src/tennisKata.js","statementMap":{"0":{"start":{"line":1,"column":0},"end":{"line":1,"column":32}},"1":{"start":{"line":3,"column":20},"end":{"line":3,"column":58}},"2":{"start":{"line":6,"column":4},"end":{"line":17,"column":5}},"3":{"start":{"line":7,"column":8},"end":{"line":7,"column":47}},"4":{"start":{"line":9,"column":9},"end":{"line":17,"column":5}},"5":{"start":{"line":10,"column":8},"end":{"line":10,"column":69}},"6":{"start":{"line":12,"column":9},"end":{"line":17,"column":5}},"7":{"start":{"line":13,"column":8},"end":{"line":13,"column":54}},"8":{"start":{"line":15,"column":9},"end":{"line":17,"column":5}},"9":{"start":{"line":16,"column":8},"end":{"line":16,"column":23}},"10":{"start":{"line":21,"column":4},"end":{"line":21,"column":83}},"11":{"start":{"line":25,"column":4},"end":{"line":25,"column":63}},"12":{"start":{"line":29,"column":4},"end":{"line":29,"column":54}},"13":{"start":{"line":33,"column":4},"end":{"line":33,"column":53}},"14":{"start":{"line":37,"column":4},"end":{"line":37,"column":74}},"15":{"start":{"line":40,"column":0},"end":{"line":42,"column":1}}},"fnMap":{"0":{"name":"score","decl":{"start":{"line":5,"column":9},"end":{"line":5,"column":14}},"loc":{"start":{"line":5,"column":37},"end":{"line":18,"column":1}},"line":5},"1":{"name":"hasWinner","decl":{"start":{"line":20,"column":9},"end":{"line":20,"column":18}},"loc":{"start":{"line":20,"column":41},"end":{"line":22,"column":1}},"line":20},"2":{"name":"whoWins","decl":{"start":{"line":24,"column":9},"end":{"line":24,"column":16}},"loc":{"start":{"line":24,"column":39},"end":{"line":26,"column":1}},"line":24},"3":{"name":"isDeuce","decl":{"start":{"line":28,"column":9},"end":{"line":28,"column":16}},"loc":{"start":{"line":28,"column":39},"end":{"line":30,"column":1}},"line":28},"4":{"name":"atAll","decl":{"start":{"line":32,"column":9},"end":{"line":32,"column":14}},"loc":{"start":{"line":32,"column":37},"end":{"line":34,"column":1}},"line":32},"5":{"name":"inTheGame","decl":{"start":{"line":36,"column":9},"end":{"line":36,"column":18}},"loc":{"start":{"line":36,"column":41},"end":{"line":38,"column":1}},"line":36}},"branchMap":{"0":{"loc":{"start":{"line":6,"column":4},"end":{"line":17,"column":5}},"type":"if","locations":[{"start":{"line":6,"column":4},"end":{"line":17,"column":5}},{"start":{"line":6,"column":4},"end":{"line":17,"column":5}}],"line":6},"1":{"loc":{"start":{"line":9,"column":9},"end":{"line":17,"column":5}},"type":"if","locations":[{"start":{"line":9,"column":9},"end":{"line":17,"column":5}},{"start":{"line":9,"column":9},"end":{"line":17,"column":5}}],"line":9},"2":{"loc":{"start":{"line":12,"column":9},"end":{"line":17,"column":5}},"type":"if","locations":[{"start":{"line":12,"column":9},"end":{"line":17,"column":5}},{"start":{"line":12,"column":9},"end":{"line":17,"column":5}}],"line":12},"3":{"loc":{"start":{"line":15,"column":9},"end":{"line":17,"column":5}},"type":"if","locations":[{"start":{"line":15,"column":9},"end":{"line":17,"column":5}},{"start":{"line":15,"column":9},"end":{"line":17,"column":5}}],"line":15},"4":{"loc":{"start":{"line":21,"column":11},"end":{"line":21,"column":82}},"type":"binary-expr","locations":[{"start":{"line":21,"column":12},"end":{"line":21,"column":25}},{"start":{"line":21,"column":29},"end":{"line":21,"column":42}},{"start":{"line":21,"column":47},"end":{"line":21,"column":82}}],"line":21},"5":{"loc":{"start":{"line":25,"column":11},"end":{"line":25,"column":62}},"type":"cond-expr","locations":[{"start":{"line":25,"column":35},"end":{"line":25,"column":47}},{"start":{"line":25,"column":50},"end":{"line":25,"column":62}}],"line":25},"6":{"loc":{"start":{"line":29,"column":11},"end":{"line":29,"column":53}},"type":"binary-expr","locations":[{"start":{"line":29,"column":12},"end":{"line":29,"column":35}},{"start":{"line":29,"column":40},"end":{"line":29,"column":53}}],"line":29},"7":{"loc":{"start":{"line":33,"column":11},"end":{"line":33,"column":52}},"type":"binary-expr","locations":[{"start":{"line":33,"column":12},"end":{"line":33,"column":35}},{"start":{"line":33,"column":40},"end":{"line":33,"column":52}}],"line":33},"8":{"loc":{"start":{"line":37,"column":11},"end":{"line":37,"column":73}},"type":"binary-expr","locations":[{"start":{"line":37,"column":12},"end":{"line":37,"column":34}},{"start":{"line":37,"column":40},"end":{"line":37,"column":54}},{"start":{"line":37,"column":58},"end":{"line":37,"column":72}}],"line":37}},"s":{"0":1,"1":1,"2":12,"3":2,"4":10,"5":6,"6":4,"7":2,"8":2,"9":2,"10":4,"11":2,"12":2,"13":12,"14":10,"15":1},"f":{"0":12,"1":4,"2":2,"3":2,"4":12,"5":10},"b":{"0":[2,10],"1":[6,4],"2":[2,2],"3":[2,0],"4":[4,1,4],"5":[1,1],"6":[2,2],"7":[12,4],"8":[10,8,7]},"_coverageSchema":"1a1c01bbd47fc00a2c39e90264f33305004495a9","hash":"3ec65d9754f5ef54d23ef4af46292e367708fd00"}
}
