{"/Users/wade/iMarts/others/tennisKata/src/main.js": {"path":"/Users/wade/iMarts/others/tennisKata/src/main.js","statementMap":{"0":{"start":{"line":1,"column":0},"end":{"line":1,"column":52}},"1":{"start":{"line":4,"column":4},"end":{"line":12,"column":5}},"2":{"start":{"line":5,"column":8},"end":{"line":5,"column":39}},"3":{"start":{"line":7,"column":9},"end":{"line":12,"column":5}},"4":{"start":{"line":8,"column":8},"end":{"line":8,"column":22}},"5":{"start":{"line":10,"column":9},"end":{"line":12,"column":5}},"6":{"start":{"line":11,"column":8},"end":{"line":11,"column":54}},"7":{"start":{"line":16,"column":4},"end":{"line":16,"column":35}},"8":{"start":{"line":20,"column":4},"end":{"line":20,"column":34}},"9":{"start":{"line":24,"column":4},"end":{"line":24,"column":47}},"10":{"start":{"line":27,"column":0},"end":{"line":29,"column":1}}},"fnMap":{"0":{"name":"score","decl":{"start":{"line":3,"column":9},"end":{"line":3,"column":14}},"loc":{"start":{"line":3,"column":22},"end":{"line":13,"column":1}},"line":3},"1":{"name":"isAtAll","decl":{"start":{"line":15,"column":9},"end":{"line":15,"column":16}},"loc":{"start":{"line":15,"column":24},"end":{"line":17,"column":1}},"line":15},"2":{"name":"isduece","decl":{"start":{"line":19,"column":9},"end":{"line":19,"column":16}},"loc":{"start":{"line":19,"column":24},"end":{"line":21,"column":1}},"line":19},"3":{"name":"isAtPoint","decl":{"start":{"line":23,"column":9},"end":{"line":23,"column":18}},"loc":{"start":{"line":23,"column":26},"end":{"line":25,"column":1}},"line":23}},"branchMap":{"0":{"loc":{"start":{"line":4,"column":4},"end":{"line":12,"column":5}},"type":"if","locations":[{"start":{"line":4,"column":4},"end":{"line":12,"column":5}},{"start":{"line":4,"column":4},"end":{"line":12,"column":5}}],"line":4},"1":{"loc":{"start":{"line":7,"column":9},"end":{"line":12,"column":5}},"type":"if","locations":[{"start":{"line":7,"column":9},"end":{"line":12,"column":5}},{"start":{"line":7,"column":9},"end":{"line":12,"column":5}}],"line":7},"2":{"loc":{"start":{"line":10,"column":9},"end":{"line":12,"column":5}},"type":"if","locations":[{"start":{"line":10,"column":9},"end":{"line":12,"column":5}},{"start":{"line":10,"column":9},"end":{"line":12,"column":5}}],"line":10},"3":{"loc":{"start":{"line":16,"column":11},"end":{"line":16,"column":35}},"type":"binary-expr","locations":[{"start":{"line":16,"column":12},"end":{"line":16,"column":21}},{"start":{"line":16,"column":27},"end":{"line":16,"column":34}}],"line":16},"4":{"loc":{"start":{"line":20,"column":11},"end":{"line":20,"column":34}},"type":"binary-expr","locations":[{"start":{"line":20,"column":12},"end":{"line":20,"column":21}},{"start":{"line":20,"column":27},"end":{"line":20,"column":33}}],"line":20},"5":{"loc":{"start":{"line":24,"column":11},"end":{"line":24,"column":47}},"type":"binary-expr","locations":[{"start":{"line":24,"column":12},"end":{"line":24,"column":20}},{"start":{"line":24,"column":26},"end":{"line":24,"column":33}},{"start":{"line":24,"column":39},"end":{"line":24,"column":46}}],"line":24}},"s":{"0":1,"1":8,"2":2,"3":6,"4":1,"5":5,"6":5,"7":8,"8":6,"9":5,"10":1},"f":{"0":8,"1":8,"2":6,"3":5},"b":{"0":[2,6],"1":[1,5],"2":[5,0],"3":[8,3],"4":[6,1],"5":[5,5,5]},"_coverageSchema":"1a1c01bbd47fc00a2c39e90264f33305004495a9","hash":"9e70868eaf713c3b5b331c0497c007bd25ba6efd"}
}
