TN:
SF:main.js
FN:3,score
FN:21,whoIsHigher
FN:25,inAdv
FNF:3
FNH:3
FNDA:13,score
FNDA:4,whoIsHigher
FNDA:6,inAdv
DA:1,1
DA:4,13
DA:5,3
DA:7,10
DA:8,4
DA:10,6
DA:11,2
DA:13,4
DA:14,2
DA:17,2
DA:22,4
DA:26,6
DA:29,1
LF:13
LH:13
BRDA:4,0,0,3
BRDA:4,0,1,10
BRDA:4,1,0,13
BRDA:4,1,1,5
BRDA:7,2,0,4
BRDA:7,2,1,6
BRDA:7,3,0,10
BRDA:7,3,1,8
BRDA:7,3,2,6
BRDA:10,4,0,2
BRDA:10,4,1,4
BRDA:13,5,0,2
BRDA:13,5,1,2
BRDA:13,6,0,4
BRDA:13,6,1,2
BRDA:22,7,0,2
BRDA:22,7,1,2
BRDA:26,8,0,6
BRDA:26,8,1,0
BRDA:26,8,2,6
BRF:20
BRH:19
end_of_record
