TN:
SF:src/tennisKata.js
FN:5,score
FN:20,hasWinner
FN:24,whoWins
FN:28,isDeuce
FN:32,atAll
FN:36,inTheGame
FNF:6
FNH:6
FNDA:12,score
FNDA:4,hasWinner
FNDA:2,whoWins
FNDA:2,isDeuce
FNDA:12,atAll
FNDA:10,inTheGame
DA:1,1
DA:3,1
DA:6,12
DA:7,2
DA:9,10
DA:10,6
DA:12,4
DA:13,2
DA:15,2
DA:16,2
DA:21,4
DA:25,2
DA:29,2
DA:33,12
DA:37,10
DA:40,1
LF:16
LH:16
BRDA:6,0,0,2
BRDA:6,0,1,10
BRDA:9,1,0,6
BRDA:9,1,1,4
BRDA:12,2,0,2
BRDA:12,2,1,2
BRDA:15,3,0,2
BRDA:15,3,1,0
BRDA:21,4,0,4
BRDA:21,4,1,1
BRDA:21,4,2,4
BRDA:25,5,0,1
BRDA:25,5,1,1
BRDA:29,6,0,2
BRDA:29,6,1,2
BRDA:33,7,0,12
BRDA:33,7,1,4
BRDA:37,8,0,10
BRDA:37,8,1,8
BRDA:37,8,2,7
BRF:20
BRH:19
end_of_record
